[debug] [2023-05-01T16:33:33.988Z] ----------------------------------------------------------------------
[debug] [2023-05-01T16:33:33.990Z] Command:       C:\Program Files\nodejs\node.exe C:\Users\Jason\AppData\Roaming\npm\node_modules\firebase-tools\lib\bin\firebase.js init
[debug] [2023-05-01T16:33:33.991Z] CLI Version:   11.29.1
[debug] [2023-05-01T16:33:33.991Z] Platform:      win32
[debug] [2023-05-01T16:33:33.991Z] Node Version:  v18.13.0
[debug] [2023-05-01T16:33:33.993Z] Time:          Mon May 01 2023 11:33:33 GMT-0500 (Central Daylight Time)
[debug] [2023-05-01T16:33:33.993Z] ----------------------------------------------------------------------
[debug] 
[debug] [2023-05-01T16:33:34.002Z] > command requires scopes: ["email","openid","https://www.googleapis.com/auth/cloudplatformprojects.readonly","https://www.googleapis.com/auth/firebase","https://www.googleapis.com/auth/cloud-platform"]
[debug] [2023-05-01T16:33:34.003Z] > authorizing via signed-in user (jasonhensley1989@gmail.com)
[info] 
     ######## #### ########  ######## ########     ###     ######  ########
     ##        ##  ##     ## ##       ##     ##  ##   ##  ##       ##
     ######    ##  ########  ######   ########  #########  ######  ######
     ##        ##  ##    ##  ##       ##     ## ##     ##       ## ##
     ##       #### ##     ## ######## ########  ##     ##  ######  ########

You're about to initialize a Firebase project in this directory:

  C:\Users\Jason\Desktop\Javascript Projects\firebase-react

[info] 
=== Project Setup
[info] 
[info] First, let's associate this project directory with a Firebase project.
[info] You can create multiple project aliases by running firebase use --add, 
[info] but for now we'll just set up a default project.
[info] 
[debug] [2023-05-01T16:35:24.781Z] >>> [apiv2][query] GET https://firebase.googleapis.com/v1beta1/projects pageSize=100
[debug] [2023-05-01T16:35:25.506Z] <<< [apiv2][status] GET https://firebase.googleapis.com/v1beta1/projects 200
[debug] [2023-05-01T16:35:25.506Z] <<< [apiv2][body] GET https://firebase.googleapis.com/v1beta1/projects [omitted]
